{"D:\\code\\Test Homework\\Lab-1_CS262\\src\\average.js": {"path":"D:\\code\\Test Homework\\Lab-1_CS262\\src\\average.js","statementMap":{"0":{"start":{"line":1,"column":14},"end":{"line":23,"column":1}},"1":{"start":{"line":2,"column":16},"end":{"line":2,"column":28}},"2":{"start":{"line":2,"column":40},"end":{"line":2,"column":41}},"3":{"start":{"line":3,"column":4},"end":{"line":3,"column":20}},"4":{"start":{"line":4,"column":4},"end":{"line":4,"column":20}},"5":{"start":{"line":6,"column":4},"end":{"line":21,"column":5}},"6":{"start":{"line":7,"column":16},"end":{"line":7,"column":17}},"7":{"start":{"line":7,"column":25},"end":{"line":7,"column":26}},"8":{"start":{"line":8,"column":8},"end":{"line":15,"column":9}},"9":{"start":{"line":9,"column":12},"end":{"line":9,"column":28}},"10":{"start":{"line":10,"column":12},"end":{"line":13,"column":13}},"11":{"start":{"line":11,"column":16},"end":{"line":11,"column":32}},"12":{"start":{"line":12,"column":16},"end":{"line":12,"column":37}},"13":{"start":{"line":14,"column":12},"end":{"line":14,"column":16}},"14":{"start":{"line":16,"column":8},"end":{"line":20,"column":9}},"15":{"start":{"line":17,"column":12},"end":{"line":17,"column":40}},"16":{"start":{"line":19,"column":12},"end":{"line":19,"column":27}},"17":{"start":{"line":22,"column":4},"end":{"line":22,"column":42}},"18":{"start":{"line":24,"column":11},"end":{"line":24,"column":27}},"19":{"start":{"line":26,"column":0},"end":{"line":26,"column":34}},"20":{"start":{"line":28,"column":0},"end":{"line":28,"column":25}}},"fnMap":{"0":{"name":"(anonymous_0)","decl":{"start":{"line":1,"column":14},"end":{"line":1,"column":15}},"loc":{"start":{"line":1,"column":41},"end":{"line":23,"column":1}},"line":1}},"branchMap":{"0":{"loc":{"start":{"line":6,"column":4},"end":{"line":21,"column":5}},"type":"if","locations":[{"start":{"line":6,"column":4},"end":{"line":21,"column":5}},{"start":{},"end":{}}],"line":6},"1":{"loc":{"start":{"line":8,"column":15},"end":{"line":8,"column":53}},"type":"binary-expr","locations":[{"start":{"line":8,"column":15},"end":{"line":8,"column":32}},{"start":{"line":8,"column":36},"end":{"line":8,"column":53}}],"line":8},"2":{"loc":{"start":{"line":10,"column":12},"end":{"line":13,"column":13}},"type":"if","locations":[{"start":{"line":10,"column":12},"end":{"line":13,"column":13}},{"start":{},"end":{}}],"line":10},"3":{"loc":{"start":{"line":10,"column":16},"end":{"line":10,"column":50}},"type":"binary-expr","locations":[{"start":{"line":10,"column":16},"end":{"line":10,"column":31}},{"start":{"line":10,"column":35},"end":{"line":10,"column":50}}],"line":10},"4":{"loc":{"start":{"line":16,"column":8},"end":{"line":20,"column":9}},"type":"if","locations":[{"start":{"line":16,"column":8},"end":{"line":20,"column":9}},{"start":{"line":18,"column":15},"end":{"line":20,"column":9}}],"line":16}},"s":{"0":1,"1":6,"2":6,"3":6,"4":6,"5":6,"6":5,"7":5,"8":5,"9":8,"10":8,"11":6,"12":6,"13":8,"14":5,"15":2,"16":3,"17":6,"18":1,"19":1,"20":1},"f":{"0":6},"b":{"0":[5,1],"1":[13,8],"2":[6,2],"3":[8,7],"4":[2,3]},"_coverageSchema":"1a1c01bbd47fc00a2c39e90264f33305004495a9","hash":"f132be53a20188a11cc982bb241df5b98514edbf"}
,"D:\\code\\Test Homework\\Lab-1_CS262\\src\\sum.js": {"path":"D:\\code\\Test Homework\\Lab-1_CS262\\src\\sum.js","statementMap":{"0":{"start":{"line":2,"column":4},"end":{"line":2,"column":17}},"1":{"start":{"line":4,"column":0},"end":{"line":4,"column":21}}},"fnMap":{"0":{"name":"sum","decl":{"start":{"line":1,"column":9},"end":{"line":1,"column":12}},"loc":{"start":{"line":1,"column":19},"end":{"line":3,"column":1}},"line":1}},"branchMap":{},"s":{"0":3,"1":1},"f":{"0":3},"b":{},"_coverageSchema":"1a1c01bbd47fc00a2c39e90264f33305004495a9","hash":"21f5900940f21d3028aa2529bcb7db0fe4825a96"}
}
