{"C:\\Users\\User\\Downloads\\Jest_JS_UnitTest\\src\\average.js": {"path":"C:\\Users\\User\\Downloads\\Jest_JS_UnitTest\\src\\average.js","statementMap":{"0":{"start":{"line":1,"column":14},"end":{"line":23,"column":1}},"1":{"start":{"line":2,"column":16},"end":{"line":2,"column":28}},"2":{"start":{"line":2,"column":40},"end":{"line":2,"column":41}},"3":{"start":{"line":3,"column":4},"end":{"line":3,"column":20}},"4":{"start":{"line":4,"column":4},"end":{"line":4,"column":20}},"5":{"start":{"line":6,"column":4},"end":{"line":21,"column":5}},"6":{"start":{"line":7,"column":16},"end":{"line":7,"column":17}},"7":{"start":{"line":7,"column":25},"end":{"line":7,"column":26}},"8":{"start":{"line":8,"column":8},"end":{"line":15,"column":9}},"9":{"start":{"line":9,"column":12},"end":{"line":9,"column":28}},"10":{"start":{"line":10,"column":12},"end":{"line":13,"column":13}},"11":{"start":{"line":11,"column":16},"end":{"line":11,"column":32}},"12":{"start":{"line":12,"column":16},"end":{"line":12,"column":37}},"13":{"start":{"line":14,"column":12},"end":{"line":14,"column":16}},"14":{"start":{"line":16,"column":8},"end":{"line":20,"column":9}},"15":{"start":{"line":17,"column":12},"end":{"line":17,"column":40}},"16":{"start":{"line":19,"column":12},"end":{"line":19,"column":27}},"17":{"start":{"line":22,"column":4},"end":{"line":22,"column":42}},"18":{"start":{"line":24,"column":11},"end":{"line":24,"column":27}},"19":{"start":{"line":26,"column":0},"end":{"line":26,"column":34}},"20":{"start":{"line":28,"column":0},"end":{"line":28,"column":25}}},"fnMap":{"0":{"name":"(anonymous_0)","decl":{"start":{"line":1,"column":14},"end":{"line":1,"column":15}},"loc":{"start":{"line":1,"column":41},"end":{"line":23,"column":1}},"line":1}},"branchMap":{"0":{"loc":{"start":{"line":6,"column":4},"end":{"line":21,"column":5}},"type":"if","locations":[{"start":{"line":6,"column":4},"end":{"line":21,"column":5}},{"start":{},"end":{}}],"line":6},"1":{"loc":{"start":{"line":8,"column":15},"end":{"line":8,"column":53}},"type":"binary-expr","locations":[{"start":{"line":8,"column":15},"end":{"line":8,"column":32}},{"start":{"line":8,"column":36},"end":{"line":8,"column":53}}],"line":8},"2":{"loc":{"start":{"line":10,"column":12},"end":{"line":13,"column":13}},"type":"if","locations":[{"start":{"line":10,"column":12},"end":{"line":13,"column":13}},{"start":{},"end":{}}],"line":10},"3":{"loc":{"start":{"line":10,"column":16},"end":{"line":10,"column":50}},"type":"binary-expr","locations":[{"start":{"line":10,"column":16},"end":{"line":10,"column":31}},{"start":{"line":10,"column":35},"end":{"line":10,"column":50}}],"line":10},"4":{"loc":{"start":{"line":16,"column":8},"end":{"line":20,"column":9}},"type":"if","locations":[{"start":{"line":16,"column":8},"end":{"line":20,"column":9}},{"start":{"line":18,"column":15},"end":{"line":20,"column":9}}],"line":16}},"s":{"0":1,"1":7,"2":7,"3":7,"4":7,"5":7,"6":7,"7":7,"8":7,"9":126,"10":126,"11":123,"12":123,"13":126,"14":7,"15":5,"16":2,"17":7,"18":1,"19":1,"20":1},"f":{"0":7},"b":{"0":[7,0],"1":[133,126],"2":[123,3],"3":[126,126],"4":[5,2]},"_coverageSchema":"1a1c01bbd47fc00a2c39e90264f33305004495a9","hash":"1a77cad723397eca39652b8d12106e4b4554b727"}
,"C:\\Users\\User\\Downloads\\Jest_JS_UnitTest\\src\\sum.js": {"path":"C:\\Users\\User\\Downloads\\Jest_JS_UnitTest\\src\\sum.js","statementMap":{"0":{"start":{"line":2,"column":4},"end":{"line":2,"column":17}},"1":{"start":{"line":4,"column":0},"end":{"line":4,"column":21}}},"fnMap":{"0":{"name":"sum","decl":{"start":{"line":1,"column":9},"end":{"line":1,"column":12}},"loc":{"start":{"line":1,"column":19},"end":{"line":3,"column":1}},"line":1}},"branchMap":{},"s":{"0":3,"1":1},"f":{"0":3},"b":{},"_coverageSchema":"1a1c01bbd47fc00a2c39e90264f33305004495a9","hash":"f0e84530b6f1e28257b5f26153172e812a5cb39d"}
}
