TN:
SF:src\average.js
FN:1,(anonymous_0)
FNF:1
FNH:1
FNDA:7,(anonymous_0)
DA:1,1
DA:2,7
DA:3,7
DA:4,7
DA:6,7
DA:7,7
DA:8,7
DA:9,126
DA:10,126
DA:11,123
DA:12,123
DA:14,126
DA:16,7
DA:17,5
DA:19,2
DA:22,7
DA:24,1
DA:26,1
DA:28,1
LF:19
LH:19
BRDA:6,0,0,7
BRDA:6,0,1,0
BRDA:8,1,0,133
BRDA:8,1,1,126
BRDA:10,2,0,123
BRDA:10,2,1,3
BRDA:10,3,0,126
BRDA:10,3,1,126
BRDA:16,4,0,5
BRDA:16,4,1,2
BRF:10
BRH:9
end_of_record
TN:
SF:src\sum.js
FN:1,sum
FNF:1
FNH:1
FNDA:3,sum
DA:2,3
DA:4,1
LF:2
LH:2
BRF:0
BRH:0
end_of_record
